<?xml version="1.0" encoding="UTF-8" ?>
<testsuite tests="8" failures="0" name="com.example.RunCuchumberTest" time="0.003" errors="0" skipped="0">
  <properties>
[...]
</properties>
  <testcase classname="Scenario: Get answers based on played numbers" name="Given I am officiating a FizzBuzz game" time="0.003"/>
  <testcase classname="Scenario: Get answers based on played numbers" name="When the number 1 is played" time="0"/>
  <testcase classname="Scenario: Get answers based on played numbers" name="Then I should be told the correct answer is &quot;1&quot;" time="0"/>
  <testcase classname="Scenario: Get answers based on played numbers" name="Scenario: Get answers based on played numbers" time="0"/>
  <testcase classname="Scenario: " name="Given I am on the reg-search-page" time="0"/>
  <testcase classname="Scenario: " name="When I enter regnr &quot;24041055&quot;" time="0"/>
  <testcase classname="Scenario: " name="Then &quot;Miranda&quot; should show in the hitlist" time="0"/>
  <testcase classname="Scenario: " name="Scenario: " time="0"/>
</testsuite>